<?xml version="1.0" encoding="UTF-8"?>
<!-- Generated by org.testng.reporters.JUnitReportReporter -->
<testsuite skipped="0" hostname="Ashok" name="scripts.TestInvalidLogin" tests="1" failures="0" timestamp="03 Dec 2017 08:12:30 GMT" time="38.919" errors="0">
  <testcase name="testInvslidLogin" time="38.919" classname="scripts.TestInvalidLogin"/>
</testsuite> <!-- scripts.TestInvalidLogin -->
