<?xml version="1.0" encoding="UTF-8"?>
<!-- Generated by org.testng.reporters.JUnitReportReporter -->
<testsuite skipped="0" hostname="Ashok" name="scripts.TestInvalidLogin" tests="1" failures="0" timestamp="09 Dec 2017 06:06:40 GMT" time="23.904" errors="0">
  <testcase name="testInvslidLogin" time="23.904" classname="scripts.TestInvalidLogin"/>
</testsuite> <!-- scripts.TestInvalidLogin -->
